    1  ip a
    2  cd /etc/ssh/
    3  ls
    4  sudo nano sshd_config 
    5  sudo systemctl restart sshd
    6  sudo systemctl restart ssh
    7  sudo systemctl enable ssh
    8  poweroff
    9  sudo poweroff
   10  ip a
   11  sudo apt update
   12  sudo su
   13  sudo apt update
   14  sudo apt upgrade
   15  sudo apt install python
   16  sudo apt install python3
   17  pip
   18  apt search pip
   19  sudo apt install python-pip python3-pip
   20  git
   21  sudo apt install git
   22  ls
   23  git clone https://github.com/tensorflow/models.git
   24  ls
   25  sudo htop
   26  git clone git clone https://github.com/koflerm/tensorflow-image-classifier.git
   27  git clone https://github.com/koflerm/tensorflow-image-classifier.git
   28  cd tensorflow-image-classifier/
   29  ls
   30  cd ..
   31  mv models/tutorials/image/imagenet/training_dataset tensorflow-image-classifier
   32  cd tensorflow-image-classifier/
   33  ls
   34  chmod a+x train.sh 
   35  ./train.sh 
   36  python
   37  pip install numpy
   38  ./train.sh 
   39  pip install tensorflow
   40  sudo apt search tensorflow
   41  cd ..
   42  ls
   43  wget https://github.com/samjabrahams/tensorflow-on-raspberry-pi/releases/download/v1.1.0/tensorflow-1.1.0-cp27-none-linux_armv7l.whl
   44  pip install tensorflow-1.1.0-cp27-none-linux_armv7l.whl 
   45  cd  tensorflow-image-classifier/
   46  ls
   47  ./train.sh 
   48  ls
   49  python classify.py ../tf_testy/bajgos.jpeg 
   50  python classify.py ../tf_testy/bajgos.jpeg | time
   51  sudo apt install time
   52  time python classify.py ../tf_testy/uazanki.jpg 
   53  cd ..
   54  touch mp.py
   55  python mp.py 
   56  sleep 5 | python mp.py 
   57  cd tensorflow-image-classifier/
   58  time python classify.py ../tf_testy/uazanki.jpg 
   59  OPENBLAS_MAIN_FREE=1 time python classify.py ../tf_testy/uazanki.jpg 
   60  time python classify.py ../tf_testy/uazanki.jpg 
   61  cd ..
   62  du -ah
   63  du -sh
   64  du -sf
   65  du fh
   66  du -fh
   67  du
   68  du --help
   69  su -hsi
   70  du -hsi
   71  du -hs
   72  du -hsf
   73  du -hsi
   74  du -hsa
   75  du -ahs
   76  du -as
   77  du -hx
   78  du
   79  du -help
   80  du --help
   81  du -hd
   82  du -hd 1
   83  ls
   84  ls -h
   85  ls -ah
   86  ls -alh
   87  cd tensorflow-image-classifier/
   88  ls
   89  cd inception/
   90  ls
   91  cat classify_image_graph_def.pb 
   92  l
   93  s
   94  cd ..
   95  ls
   96  time python classify.py ../tf_testy/uazanki.jpg 
   97  l
   98  uname -a
   99  time python classify.py ../tf_testy/uazanki.jpg 
  100  cd /usr/local/etc/
  101  ls
  102  cd ..
  103  cd src
  104  ls
  105  cd Adafruit_Python_GPIO/
  106  ls
  107  cd ..
  108  git clone git clone git://github.com/adafruit/Adafruit-Raspberry-Pi-Python-Code.git
  109  git clone git://github.com/adafruit/Adafruit-Raspberry-Pi-Python-Code.git
  110  sudo git clone git://github.com/adafruit/Adafruit-Raspberry-Pi-Python-Code.git
  111  cd Adafruit-Raspberry-Pi-Python-Code/
  112  ls
  113  ls -lA
  114  cd ..
  115  git clone https://github.com/adafruit/Adafruit_Python_DHT.git
  116  sudo git clone https://github.com/adafruit/Adafruit_Python_DHT.git
  117  cd Adafruit_Python_DHT
  118  ls
  119  ./Adafruit_DHT/
  120  sudo apt-get install build-essential python-dev
  121  ls
  122  ./setup.py
  123  sudo ./setup.py
  124  python setup.py
  125  sudo ./Adafruit_DHT 11 4
  126  setup.py
  127  pythin
  128  python
  129  python3
  130  python3 setup.py
  131  python3 setup.py --help
  132  ls
  133  cat README.md 
  134  sudo python setup.py install
  135  ls
  136  cd examples/
  137  ls
  138  chmod 777 simpletest.py 
  139  sudo chmod 777 simpletest.py 
  140  ./simpletest.py 
  141  nano simpletest.py 
  142  ./simpletest.py 
  143  nano simpletest.py 
  144  ./simpletest.py 
  145  ls
  146  sudo chmod o+x AdafruitDHT.py 
  147  ./AdafruitDHT.py 11 4
  148  cd ~
  149  mkdir air-quality-sensor
  150  cd air-quality-sensor/
  151  touch dht11.py
  152  chmod o+x dht11.py 
  153  nano dht11.py 
  154  ls
  155  ./dht11.py
  156  ls -la
  157  chmod u+x dht11.py 
  158  ./dht11.py
  159  nano dht11.py 
  160  ./dht11.py
  161  ls
  162  ./dht11.py
  163  cp dht11.py dht22.py
  164  chmod u+x dht11.py 
  165  chmod a+x dht22.py 
  166  ls -la
  167  chmod a+x dht11.py 
  168  ./dht22.py 
  169  nano dht22.py 
  170  ./dht22.py 
  171  echo $pyhton
  172  echo $PYTHON
  173  mkdir lib
  174  cd
  175  git clone https://github.com/adafruit/Adafruit_Python_DHT.git
  176  cd ..
  177  ls
  178  ls -la
  179  ls -lA
  180  cd ..
  181  ls
  182  cd ..
  183  cd usr/local/src/
  184  ls
  185  cd Adafruit_Python_DHT/
  186  ls
  187  cd examples/
  188  ls
  189  cd ~
  190  ls
  191  rm Adafruit_Python_DHT/
  192  rm -rf Adafruit_Python_DHT/
  193  ls
  194  cd air-quality-sensor/
  195  ls
  196  rm lib
  197  rm -rf lib
  198  nano dht22.py dht
  199  ls
  200  nano dht22.py dht
  201  git clone https://github.com/adafruit/Adafruit_Python_DHT.git
  202  ls
  203  ls Adafruit_Python_DHT/
  204  sudo python setup.py install
  205  python setup.py install
  206  python3 setup.py install
  207  ls
  208  cd Adafruit_Python_DHT/
  209  python3 setup.py install
  210  python setup.py install
  211  sudo python3 setup.py install
  212  ls ..
  213  cd ..
  214  ls
  215  rm -rf Adafruit_Python_DHT/
  216  sudo rm -rf Adafruit_Python_DHT/
  217  nano dht22.py
  218  ./dht22.py 
  219  nano dht22.py
  220  ./dht22.py 
  221  nano dht22.py
  222  ./dht22.py 
  223  ls
  224  git init
  225  git add .
  226  git commit -m "dht modules has been added"
  227  git config --global user.email "ewbl@protonmail.com"
  228  git config --global user.name "alice902"
  229  git commit -m "dht modules has been added"
  230  git remote add origin https://github.com/alice902/air-quality-sensor.git
  231  git push -u origin master
  232  ./dht22.py 
  233  sudo raspi-config
  234  cd ~
  235  ls
  236  cd air-quality-sensor/
  237  cat /proc/cmdline
  238  ps aux | grep ttyS0
  239  sudo apt-get install python-serial
  240  sudo apt-get install python3-serial
  241  touch serialtest.py
  242  nano serialtest.py 
  243  chmod a+x serialtest.py 
  244  python serialtest.py 
  245  nano serialtest.py 
  246  python serialtest.py 
  247  reboot
  248  sudo reboot
  249  cd air-quality-sensor
  250  ls
  251  nano serialtest.py 
  252  ps
  253  kill -9 570
  254  ps
  255  kill -9 576
  256  nano serialtest.py 
  257  ps
  258  nano serialtest.py 
  259  python serialtest.py 
  260  nano serialtest.py 
  261  python serialtest.py 
  262  sudo nano /boot/config.txt
  263  sudo reboot
  264  systemctl stop serial-getty@ttyS0.service
  265  sudo nano /boot/cmdline.txt
  266  cd air-quality-sensor/
  267  ls
  268  ls -lh /dev/serial
  269  ls -lh /dev/serial0
  270  cat /proc/cmdline
  271  uanme -a
  272  uname -a
  273  cat /boot/cmdline.txt 
  274  cat /boot/config.txt 
  275  sudo nano /boot/config.txt 
  276  reboot
  277  sudo reboot
  278  cd air-quality-sensor/
  279  ls
  280  nano serialtest.py 
  281  touch serial_read.py
  282  chmod serial_read.py 
  283  chmod a+x serial_read.py 
  284  nano serial_read.py 
  285  python serial_read.py 
  286  nano serial_read.py 
  287  python serial_read.py 
  288  nano serial_read.py 
  289  python serial_read.py 
  290  nano serial_read.py 
  291  python serial_read.py 
  292  nano serial_read.py 
  293  ls -lh /dev/serial0
  294  nano serial_read.py 
  295  ls -lh /dev/serial0
  296  nano serial_read.py 
  297  python serial_read.py 
  298  nano serial_read.py 
  299  python serial_read.py 
  300  nano serial_read.py 
  301  python serial_read.py 
  302  nano serial_read.py 
  303  python serial_read.py 
  304  nano serial_read.py 
  305  python serial_read.py 
  306  nano serial_read.py 
  307  python serial_read.py 
  308  mkdir airpi
  309  cd airpi
  310  touch pms5003
  311  nano pms5003 
  312  chmod a+x pms5003 
  313  mv pms5003 pms7003
  314  ls
  315  ./pms7003 
  316  nano pms5003 
  317  nano pms7003 
  318  ./pms7003 
  319  nano gpio.py
  320  chmod a+x gpio.py 
  321  python gpio.py 
  322  nano pmlog.py
  323  cd air-quality-sensor/
  324  ls
  325  cd airpi/
  326  ls
  327  rm pmlog.py.save 
  328  nano pmlog.py
  329  rm pmlog.py.save 
  330  rm pmlog.py
  331  ls
  332  nano pmlog.py
  333  ls
  334  chmod a+x pmlog.py 
  335  ./pmlog.py monitor -h
  336  sudo apt-get install python-periphery
  337  pip install python-periphery
  338  ./pmlog.py monitor -h
  339  ./pmlog.py monitor
  340  nano pmlog.py 
  341  ./pmlog.py monitor
  342  ./pmlog.py monitor -h
  343  ./pmlog.py monitor --measure-period 1
  344  rm pms7003 
  345  rm gpio.py 
  346  ./pmlog.py monitor --measure-period 1 >> measure_log
  347  cat measure_log 
  348  nano measure_log 
  349  ./pmlog.py monitor --measure-period 1 > measure_log
  350  cat 
  351  ./pmlog.py oneshot  > measure_log
  352  cat measure_log 
  353  rm measure_log 
  354  sudo shutdown 
  355  cd air-quality-sensor/
  356  ls
  357  nano serialtest.py 
  358  nano serial_read.py 
  359  ./serial_read.py 
  360  python serial_read.py 
  361  ls /dev/
  362  la -al /dev
  363  ls -al /dev
  364  sudo python serial_read.py 
  365  nano serialtest.py 
  366  python serialtest.py 
  367  nano serialtest.py 
  368  python serialtest.py 
  369  cd airpi/
  370  ls
  371  python pmlog.py monitor
  372  sudo journalctl -xf
  373  less pmlog.py
  374  python pmlog.py monitor
  375  cd ..
  376  ls
  377  ./serialtest.py 
  378  python serialtest.py 
  379  python serial_read.py 
  380  less serial_read.py 
  381  cd ..
  382  ls
  383  cd air-quality-sensor/
  384  l
  385  ls
  386  cd airpi/
  387  ls
  388  less pmlog.py
  389  cd ..
  390  nano serial_read.py 
  391  python serial_read.py 
  392  nano serialtest.py 
  393  nano serial_read.py 
  394  python serial_read.py 
  395  nano serial_read.py 
  396  python serial_read.py 
  397  nano serial_read.py 
  398  python serial_read.py 
  399  nano serial_read.py 
  400  python serial_read.py 
  401  python3
  402  ls
  403  ls
  404  less pmlog.py
  405  cd ..
  406  nano serial_read.py 
  407  python serial_read.py 
  408  nano serial_read.py 
  409  python serial_read.py 
  410  nano serial_read.py 
  411  ls
  412  rm serial_read.py 
  413  python dht22.py 
  414  git add .
  415  git commit -m 'serialtest.py has been added'
  416  git push origin master
  417  git log
  418  find . | grep serial_
  419  find / -uname=serial_read.py
  420  find / -uname='serial_read.py'
  421  python serial_read.py 
  422  cd /tmp
  423  ls
  424  ls -lA
  425  cd ~
  426  cd air-quality-sensor/
  427  ls
  428  python serialtest.py 
  429  python serialtest.py &>> testdata
  430  cat testdata 
  431  python serialtest.py &> testdata
  432  cat testdata 
  433  python serialtest.py > testdata 2>&1
  434  cat testdata 
  435  python serialtest.py > testdata 2>&1
  436  cat testdata 
  437  git add .
  438  git commit -m "right version of pyserial has been added"
  439  git push origin master
  440  git log
  441  ls
  442  cat testdata
  443  python3
  444  nano parallel_commands
  445  chmod a+x parallel_commands 
  446  python "serialtest.py" "python ./airpi/pmlog.py"
  447  nano serialtest.py 
  448  python "serialtest.py" "python ./airpi/pmlog.py"
  449  nano serialtest.py 
  450  nano serial.py
  451  rm serial.py
  452  ls
  453  touch serialcfg.py
  454  nano serialcfg.py 
  455  chmod a+x serialcfg.py 
  456  ./serialcfg.py 
  457  nano serialcfg.py 
  458  ./serialcfg.py 
  459  git add .
  460  git commit -m
  461  ls
  462  git commit -m "serialcfg has been added"
  463  git push origin master
  464  ./serialcfg.py 
  465  python serialcfg.py 
  466  ls
  467  parallel_commands "python serialcfg.py" "python ./airpi/pmlog.py"
  468  ./parallel_commands "python serialcfg.py" "python ./airpi/pmlog.py"
  469  ./parallel_commands "python serialcfg.py" "python ./airpi/pmlog.py monitor"
  470  python serialcfg.py 
  471  python serialcfg.py > testdata 2>&1
  472  cat testdata 
  473  python serialcfg.py > testdata 2>&1
  474  python serialtest.py > testdata 2>&1
  475  cat testdata 
  476  python serialcfg.py > testdata 2>&1
  477  rm testdata 
  478  python serialcfg.py > testdata 2>&1
  479  python serialcfg.py 
  480  python serialtest.py > testdata 2>&1
  481  cat testdata 
  482  python serialcfg.py > testdata 2>&1
  483  cat testdata 
  484  python3 serialcfg.py > testdata 2>&1
  485  cat testdata 
  486  python3 serialcfg.py > testdata 2>&1
  487  cat testdata 
  488  ./serialcfg.py 
  489  cat testdata 
  490  ./serialcfg.py 
  491  python serialcfg.py 
  492  python3 serialcfg.py 
  493  python serialcfg.py 
  494  python serialtest.py 
  495  python serialcfg.py 
  496  python serialcfgp3.py 
  497  python3 serialcfgp3.py 
  498  python serialcfg.py 
  499  python3 serialcfgp3.py 
  500  python3
  501  python3 serialcfgp3.py 
  502  python3 serialcfgp3.py > testdata 2>&1
  503  cat testdata 
  504  python3 serialcfgp3.py > testdata 2>&1
  505  cat testdata 
  506  python3 serialcfgp3.py > testdata 2>&1
  507  cat testdata 
  508  python3 serialcfgp3.py 
  509  nano testdata 
  510  python3 serialcfgp3.py > testdata 2>&1
  511  cat testdata 
  512  echo 'python3 serialcfgp3.py > testdata 2>&1' > maketestdata
  513  cat maketestdata 
  514  nano maketestdata 
  515  chmod a+x  maketestdata 
  516  ./maketestdata 
  517  nano maketestdata 
  518  ./maketestdata 
  519  nano maketestdata 
  520  ./maketestdata 
  521  cat testdata 
  522  ./maketestdata 
  523  cat testdata 
  524  git add .
  525  git commit -m "version for python3 working"
  526  git push origin master
  527  ./airpi/pmlog.py monitor
  528  python3
  529  python3 serialcfgp3.py 
  530  pyton
  531  python3
  532  touch test.py
  533  chmod a+x test.py 
  534  ./test.py 
  535  python3
  536  ./test.py 
  537  sudo update-rc.d ntp enable
  538  apt-get update
  539  sudo apt-get update
  540  sudo apt-get install i2c-tools
  541  ls
  542  ls -lA
  543  ls /etc
  544  sudo /etc/init.d/nginx start
  545  hostname -I
  546  cd /var/www/html
  547  ls
  548  nano index.nginx-debian.html 
  549  sudo nano index.nginx-debian.html 
  550  nano index.nginx-debian.html 
  551  sudo nano index.nginx-debian.html 
  552  cd ~/air-quality-sensor/
  553  ls
  554  nano dht22.py 
  555  ./dht22.py 
  556  nano dht22.py 
  557  ./dht22.py 
  558  nano dht22.py 
  559  ./dht22.py 
  560  nano dht22.py 
  561  ./dht22.py 
  562  nano dht22.py 
  563  ./dht22.py 
  564  nano dht22.py 
  565  ./dht22.py 
  566  nano dht22.py 
  567  ./dht22.py 
  568  nano dht22.py 
  569  ./dht22.py 
  570  nano dht22.py 
  571  ./dht22.py 
  572  nano dht22.py 
  573  ./dht22.py 
  574  nano dht22.py 
  575  ./dht22.py 
  576  nano dht22.py 
  577  ./dht22.py 
  578  nano dht22.py 
  579  ./dht22.py 
  580  nano dht22.py 
  581  ./dht22.py 
  582  nano dht22.py 
  583  ./dht22.py 
  584  nano dht22.py 
  585  ./dht22.py 
  586  nano dht22.py 
  587  ./dht22.py 
  588  nano dht22.py 
  589  ./dht22.py 
  590  nano dht22.py 
  591  ./dht22.py 
  592  nano dht22.py 
  593  ./dht22.py 
  594  nano dht22.py 
  595  ./dht22.py 
  596  cd ..
  597  ls
  598  apt search grafana
  599  sudo apt-get install grafana
  600  ls
  601  sudo nano /etc/grafana/grafana.ini
  602  systemctl start grafana
  603  sudo systemctl start grafana
  604  sudo nano /etc/grafana/grafana.ini
  605  sudo systemctl restart grafana
  606  sudo journalctl -u grafana
  607  cat /var/log/grafana/grafana.log 
  608  sudo less /var/log/grafana/grafana.log 
  609  sudo apt-get install grafana-data
  610  apt search grafana
  611  apt search inlux
  612  apt search influx
  613  sudo apt-get install influxdb python3-influxdb 
  614  sudo systemctl start influxdb
  615  influxdb
  616  influx
  617  influxd
  618  sudo su
  619  influx
  620  influxd
  621  influxdb
  622  influxd 
  623  apt search influx
  624  sudo apt install influxdb-client
  625  influx
  626  curl https://s3-us-west-1.amazonaws.com/noaa.water.database.0.9/NOAA_data.txt > NOAA_data.txt
  627  influx -import -path=NOAA_data.txt -precision=s
  628  influx
  629  python
  630  sudo apt-get install python-pip
  631  pip install influxdb
  632  python3
  633  ls
  634  cd air-quality-sensor/
  635  ls
  636  nano test
  637  nano test.py 
  638  python3
  639  nano influxpython.py
  640  python3 influxpython.py 
  641  chmod a+x influxpython.py 
  642  python3 influxpython.py 
  643  cd ..
  644  cd air-quality-sensor/
  645  python influxpython.py 
  646  sudo su
  647  nano influxpython.py
  648  python influxpython.py 
  649  influx
  650  pip install tox
  651  tox
  652  python
  653  sudo ntpdate -u task.gda.ntp.pl
  654  date
  655  ntpdate
  656  apt search ntpdate
  657  apt install ntpdate
  658  sudo apt install ntpdate
  659  sudo ntpdate -u task.gda.ntp.pl
  660  date
  661  sudo ntpdate -u task.gda.pl
  662  sudo ntpdate -u ntp.task.gda.pl
  663  date
  664  sudo dpkg-reconfigure tzdata
  665  date
  666  date -u
  667  adduser influxdb
  668  sudo adduser influxdb
  669  id influxdb 
  670  wget https://github.com/obfuscurity/synthesize/archive/master.zip
  671  unzip master.zip 
  672  cd synthesize-master/
  673  sudo ./install 
  674  ls
  675  cd ..
  676  ls
  677  rm master.zip 
  678  rm -rf synthesize-master/
  679  ls
  680  cd ..
  681  sudo search graphite
  682  sudo apt search graphite
  683  apt install python3-dev libcairo2-dev libffi-dev build-essential
  684  sudo apt install python3-dev libcairo2-dev libffi-dev build-essential
  685  export PYTHONPATH="/opt/graphite/lib/:/opt/graphite/webapp/"
  686  pip install --no-binary=:all: https://github.com/graphite-project/whisper/tarball/master
  687  pip install --no-binary=:all: https://github.com/graphite-project/carbon/tarball/master
  688  pip install --no-binary=:all: https://github.com/graphite-project/graphite-web/tarball/master
  689  pip
  690  pip -h
  691  man pip
  692  pip help
  693  pip list
  694  influxdb
  695  influx
  696  ls
  697  rm NOAA_data.txt 
  698  cd air-quality-sensor/
  699  ls
  700  nano inf_ex.py
  701  python inf_ex.py 
  702  influx 
  703  nano mmonitor.py
  704  touch monitor.py
  705  hostname -I
  706  influx help
  707  echo $INFLUX_HOST
  708  echo $INFLUX
  709  ./dht22
  710  ./dht22..pl
  711  ./dht22.py
  712  python
  713  hostname -I
  714  ./dht22.py
  715  hostname -I
  716  ./dht22.py
  717  influx 
  718  ./dht22.py
  719  python dht22.py
  720  apt serach influx
  721  apt search influx
  722  wget https://dl.influxdata.com/influxdb/releases/influxdb_1.4.2_amd64.deb
  723  sudo dpkg -i influxdb_1.4.2_amd64.deb
  724  python3
  725  ./dht22.py
  726  influx
  727  ./dht22.py
  728  influx
  729  ./dht22.py
  730  influx
  731  python3
  732  ./dht22.py
  733  python3
  734  ./dht22.py
  735  python3
  736  ./dht22.py
  737  python3
  738  ./dht22.py
  739  influx
  740  ./dht22.py
  741  influx
  742  sudo nano /etc/influxdb/influxdb.conf 
  743  influx
  744  sudo nano /etc/influxdb/influxdb.conf 
  745  sudo systemctl restart influxdb
  746  influx
  747  sudo nano /etc/influxdb/influxdb.conf 
  748  sudo systemctl restart influxdb
  749  influx
  750  sudo nano /etc/influxdb/influxdb.conf 
  751  sudo systemctl restart influxdb
  752  influx
  753  ./dht22.py
  754  influx
  755  sudo nano /etc/influxdb/influxdb.conf 
  756  curl -G http://localhost:8086/query -u root:root --data-urlencode "q=SHOW DATABASES"
  757  curl -G http://192.168.0.45:8086/query -u root:root --data-urlencode "q=SHOW DATABASES"
  758  influx
  759  curl -G http://192.168.0.45:8086/query -u root:root --data-urlencode "q=use environment"
  760  curl -G http://192.168.0.45:8086/query -u root:root --data-urlencode "q=show measurements"
  761  curl -G http://192.168.0.45:8086/query -u root:root --data-urlencode "q=show measurements from environment"
  762  curl -G http://192.168.0.45:8086/query -u root:root --data-urlencode "q=show measurements from environment;"
  763  curl -G http://192.168.0.45:8086/query -u root:root --data-urlencode "q=show measurements"
  764  curl -G http://192.168.0.45:8086/query -u root:root --data-urlencode "q=select temperature "
  765  curl -G http://192.168.0.45:8086/query -u root:root --data-urlencode "q=select temperature where region=kitchen"
  766  curl -G http://192.168.0.45:8086/query -u root:root --data-urlencode "q=select temperature from region=kitchen"
  767  curl -G http://192.168.0.45:8086/query -u root:root --data-urlencode "q=select temperature from region='kitchen'"
  768  curl -G http://192.168.0.45:8086/query -u root:root --data-urlencode "q=select * from temperature'"
  769  curl -G http://192.168.0.45:8086/query -u root:root --data-urlencode "q=select * from temperature"
  770  curl -G http://192.168.0.45:8086/query -u root:root --data-urlencode "q=select * from environment.temperature"
  771  curl -G http://192.168.0.45:8086/query -u root:root --data-urlencode "db=environment"--data-urlencode "q=select * from temperature"
  772  curl -G http://192.168.0.45:8086/query -u root:root --data-urlencode "db=environment" --data-urlencode "q=select * from temperature"
  773  ./dht22.py
  774  date
  775  date -u
  776  ./dht22.py
  777  sudo systemctl restart grafana
  778  systemctl enable grafana
  779  sudo systemctl enable grafana
  780  sudo reboot
  781  sudo systemctl enable grafana.serive
  782  sudo systemctl enable grafana-serive
  783  sudo systemctl enable grafana-server
  784  systemctl services
  785  systemctl restart grafana-server
  786  sudo systemctl restart grafana-server
  787  systemctl stop grafana-server
  788  sudo systemctl stop grafana-server
  789  sudo systemctl enable grafana-server
  790  sudo systemctl start grafana-server
  791  sudo systemctl unmask grafana-server
  792  sudo systemctl enable grafana-server
  793  sudo systemctl start influxd
  794  sudo systemctl start influxdd
  795  sudo systemctl start influxdb
  796  cd air-quality-sensor/
  797  ./dht
  798  ./dht22.py 
  799  influx
  800  ./dht22.py 
  801  date
  802  ./dht22.py 
  803  influx
  804  journalctl -u influxd
  805  journalctl -u influxdb
  806  ./dht22.py 
  807  journalctl -u influxdb
  808  ./dht22.py 
  809  sudo systemctl restart influxd
  810  influx
  811  ./dht22.py 
  812  sudo netstat -tulpna | grep influx
  813  ip a
  814  dmesg
  815  ./dht22.py 
  816  reboot
  817  sudo reboot
  818  sudo journalctl -u -f influxdb
  819  sudo journalctl -u influxdb -f
  820  sudo netstat -tulpna | grep influx
  821  influx
  822  sudo netstat -tulpna | grep influx
  823  sudo journalctl -u influxdb -f
  824  sudo systemctl start influxd
  825  sudo systemctl start influxdb
  826  sudo systemctl start grafana-server
  827  inf;ux
  828  influx
  829  grafana
  830  grafana-server 
  831  ./dht22.py 
  832  cd ~/air-quality-sensor/
  833  ./dht22.py 
  834  sudo update-alternatives --config python
  835  python dht22.py 
  836  journalctl -u influxdb
  837  ps aux | grep influx
  838  sudo nano /etc/influxdb/influxdb.conf
  839  sudo systemctl restart influxdb
  840  ps aux | grep influx
  841  sudo netstat -tulpna | grep influx
  842  sudo hostnamectl
  843  sudo hostname -f
  844  sudo nano /etc/hosts
  845  ip a
  846  sudo nano /etc/influxdb/influxdb.conf
  847  sudo systemctl restart influxdb
  848  sudo netstat -tulpna | grep influx
  849  sudo nano /etc/influxdb/influxdb.conf
  850  sudo systemctl restart influxdb
  851  sudo netstat -tulpna | grep influx
  852  sudo nano /etc/influxdb/influxdb.conf
  853  sudo systemctl restart influxdb
  854  sudo netstat -tulpna | grep influx
  855  ./dht22.py 
  856  sudo nano /etc/grafana/grafana.ini 
  857  ./dht22.py 
  858  sudo systemctl restart influxdb
  859  ./dht22.py 
  860  ls /etc/localtime 
  861  ls -al /etc
  862  ./dht22.py 
  863  sudo systemctl start influxdb
  864  sudo systemctl start grafana-server
  865  cd air-quality-sensor/
  866  ./dht22.py 
  867  cd air-quality-sensor/
  868  git add .
  869  git commit -m "first milestone - project works with grafana and influxdb! :D"
  870  git push origin master
  871  ./dht22-ver2.py 
  872  influx
  873  sudo ntpdate -u uk.pool.ntp.org
  874  date
  875  date -u
  876  sudo rm /etc/localtime 
  877  sudo ln -s /usr/share/zoneinfo/Europe/London /etc/localtime
  878  sudo reboot
  879  sudo systemctl enable grafana-server
  880  sudo systemctl start influxdb
  881  sudo systemctl start grafana-server
  882  cd air-quality-sensor/
  883  ./dht22.py
  884  ls
  885  nano dht22
  886  chmod a+x dht22.py
  887  chmod a+x dht22
  888  mv dht22 dht22.py
  889  ./dht22.py
  890  ls
  891  nano dht22.py 
  892  ./dht22.py
  893  nano dht22.py 
  894  ./dht22.py
  895  sudo apt-get update
  896  sudo apt-get -y upgrade
  897  sudo nano /etc/modules
  898  sudo halt
  899  sudo rpi update
  900  sudo rpi-update
  901  sudo reboot
  902  sudo apt install libi2c-dev
  903  sudo raspi-config 
  904  sudo reboot
  905  sudo i2cdetect -y 1
  906  sudo i2cdetect -y 0
  907  sudo i2cdetect -y 1
  908  nano /etc/modules
  909  sudo i2cdetect -y 1
  910  sudo bash
  911  sudo hwclock -r
  912  date
  913  sudo hwclock -w
  914  sudo hwclock -r
  915  sudo nano /etc/rc.local
  916  history
  917  cd air-quality-sensor/
  918  history >> history.log
